<?xml version="1.0" encoding="UTF-8" ?>
<testsuite tests="6" failures="1" name="mk.ukim.finki.seleniumtesting.LoginTest" time="1.728" errors="0" skipped="5">
  <properties>
[...]
</properties>
  <testcase classname="mk.ukim.finki.seleniumtesting.LoginTest" name="setup" time="0.281">
    <failure message="The driver executable does not exist: /home/roskee/Desktop/sample-selenium/C:\Users\hero\Desktop\SeleniumAutomaticTesting\src\main\resources\drivers\chromedriver.exe" type="java.lang.IllegalStateException">java.lang.IllegalStateException: The driver executable does not exist: /home/roskee/Desktop/sample-selenium/C:\Users\hero\Desktop\SeleniumAutomaticTesting\src\main\resources\drivers\chromedriver.exe
	at com.google.common.base.Preconditions.checkState(Preconditions.java:585)
	at org.openqa.selenium.remote.service.DriverService.checkExecutable(DriverService.java:146)
	at org.openqa.selenium.remote.service.DriverService.findExecutable(DriverService.java:141)
	at org.openqa.selenium.chrome.ChromeDriverService.access$000(ChromeDriverService.java:35)
	at org.openqa.selenium.chrome.ChromeDriverService$Builder.findDefaultExecutable(ChromeDriverService.java:159)
	at org.openqa.selenium.remote.service.DriverService$Builder.build(DriverService.java:355)
	at org.openqa.selenium.chrome.ChromeDriverService.createDefaultService(ChromeDriverService.java:94)
	at org.openqa.selenium.chrome.ChromeDriver.&lt;init&gt;(ChromeDriver.java:123)
	at mk.ukim.finki.seleniumtesting.LoginTest.getDriver(LoginTest.java:61)
	at mk.ukim.finki.seleniumtesting.LoginTest.setup(LoginTest.java:17)
</failure>
    <system-out>Configuring TestNG with: org.apache.maven.surefire.testng.conf.TestNG652Configurator@4cf777e8
</system-out>
  </testcase>
  <testcase classname="mk.ukim.finki.seleniumtesting.LoginTest" name="canNotLoginWithInvalidPassword" time="0.288">
    <skipped/>
  </testcase>
  <testcase classname="mk.ukim.finki.seleniumtesting.LoginTest" name="canNotLoginWithoutUserName" time="0.289">
    <skipped/>
  </testcase>
  <testcase classname="mk.ukim.finki.seleniumtesting.LoginTest" name="shouldLogin" time="0.289">
    <skipped/>
  </testcase>
  <testcase classname="mk.ukim.finki.seleniumtesting.LoginTest" name="shouldOpen" time="0.29">
    <skipped/>
  </testcase>
  <testcase classname="mk.ukim.finki.seleniumtesting.LoginTest" name="teardown" time="0.291">
    <skipped/>
  </testcase>
</testsuite>